<?xml version="1.0" encoding="UTF-8"?>
<testng-results ignored="0" total="1" passed="1" failed="0" skipped="0">
  <reporter-output>
  </reporter-output>
  <suite started-at="2024-02-08T15:05:23 IST" name="Default suite" finished-at="2024-02-08T15:05:23 IST" duration-ms="28">
    <groups>
    </groups>
    <test started-at="2024-02-08T15:05:23 IST" name="Default test" finished-at="2024-02-08T15:05:23 IST" duration-ms="28">
      <class name="JDBC.MavenTest">
        <test-method signature="mavenTest()[pri:0, instance:JDBC.MavenTest@43dac38f]" started-at="2024-02-08T15:05:23 IST" name="mavenTest" finished-at="2024-02-08T15:05:23 IST" duration-ms="6" status="PASS">
          <reporter-output>
          </reporter-output>
        </test-method> <!-- mavenTest -->
      </class> <!-- JDBC.MavenTest -->
    </test> <!-- Default test -->
  </suite> <!-- Default suite -->
</testng-results>
